-------------------------------------------------------------------------------
Test set: com.example.FullServerTest
-------------------------------------------------------------------------------
Tests run: 2, Failures: 1, Errors: 0, Skipped: 0, Time elapsed: 5.021 s <<< FAILURE! -- in com.example.FullServerTest
com.example.FullServerTest.greetingShouldReturnDefaultMessage -- Time elapsed: 0.452 s <<< FAILURE!
java.lang.AssertionError
	at com.example.FullServerTest.greetingShouldReturnDefaultMessage(FullServerTest.java:21)
	at java.base/java.lang.reflect.Method.invoke(Method.java:569)
	at java.base/java.util.ArrayList.forEach(ArrayList.java:1511)
	at java.base/java.util.ArrayList.forEach(ArrayList.java:1511)

