<?xml version="1.0" encoding="UTF-8"?>
<testsuite xmlns:xsi="http://www.w3.org/2001/XMLSchema-instance" xsi:noNamespaceSchemaLocation="https://maven.apache.org/surefire/maven-surefire-plugin/xsd/surefire-test-report.xsd" version="3.0.2" name="com.example.DaoLayerTest" time="3.335" tests="1" errors="0" skipped="0" failures="0">
  <properties>
[...]
</properties>
  <testcase name="insertFirstNameTest" classname="com.example.DaoLayerTest" time="1.251">
    <system-out><![CDATA[2025-03-03T08:29:46.527Z DEBUG 26732 --- [demo] [           main] com.zaxxer.hikari.HikariConfig           : Driver class com.mysql.cj.jdbc.Driver found in Thread context class loader jdk.internal.loader.ClassLoaders$AppClassLoader@c387f44
2025-03-03T08:29:46.528Z DEBUG 26732 --- [demo] [           main] com.zaxxer.hikari.HikariConfig           : HikariPool-2 - configuration:
2025-03-03T08:29:46.533Z DEBUG 26732 --- [demo] [           main] com.zaxxer.hikari.HikariConfig           : allowPoolSuspension.............false
2025-03-03T08:29:46.534Z DEBUG 26732 --- [demo] [           main] com.zaxxer.hikari.HikariConfig           : autoCommit......................true
2025-03-03T08:29:46.535Z DEBUG 26732 --- [demo] [           main] com.zaxxer.hikari.HikariConfig           : catalog.........................none
2025-03-03T08:29:46.535Z DEBUG 26732 --- [demo] [           main] com.zaxxer.hikari.HikariConfig           : connectionInitSql...............none
2025-03-03T08:29:46.535Z DEBUG 26732 --- [demo] [           main] com.zaxxer.hikari.HikariConfig           : connectionTestQuery.............none
2025-03-03T08:29:46.536Z DEBUG 26732 --- [demo] [           main] com.zaxxer.hikari.HikariConfig           : connectionTimeout...............30000
2025-03-03T08:29:46.536Z DEBUG 26732 --- [demo] [           main] com.zaxxer.hikari.HikariConfig           : dataSource......................none
2025-03-03T08:29:46.537Z DEBUG 26732 --- [demo] [           main] com.zaxxer.hikari.HikariConfig           : dataSourceClassName.............none
2025-03-03T08:29:46.538Z DEBUG 26732 --- [demo] [           main] com.zaxxer.hikari.HikariConfig           : dataSourceJNDI..................none
2025-03-03T08:29:46.538Z DEBUG 26732 --- [demo] [           main] com.zaxxer.hikari.HikariConfig           : dataSourceProperties............{password=<masked>}
2025-03-03T08:29:46.539Z DEBUG 26732 --- [demo] [           main] com.zaxxer.hikari.HikariConfig           : driverClassName................."com.mysql.cj.jdbc.Driver"
2025-03-03T08:29:46.539Z DEBUG 26732 --- [demo] [           main] com.zaxxer.hikari.HikariConfig           : exceptionOverrideClassName......none
2025-03-03T08:29:46.540Z DEBUG 26732 --- [demo] [           main] com.zaxxer.hikari.HikariConfig           : healthCheckProperties...........{}
2025-03-03T08:29:46.541Z DEBUG 26732 --- [demo] [           main] com.zaxxer.hikari.HikariConfig           : healthCheckRegistry.............none
2025-03-03T08:29:46.541Z DEBUG 26732 --- [demo] [           main] com.zaxxer.hikari.HikariConfig           : idleTimeout.....................600000
2025-03-03T08:29:46.541Z DEBUG 26732 --- [demo] [           main] com.zaxxer.hikari.HikariConfig           : initializationFailTimeout.......1
2025-03-03T08:29:46.541Z DEBUG 26732 --- [demo] [           main] com.zaxxer.hikari.HikariConfig           : isolateInternalQueries..........false
2025-03-03T08:29:46.542Z DEBUG 26732 --- [demo] [           main] com.zaxxer.hikari.HikariConfig           : jdbcUrl.........................jdbc:mysql://localhost:3306/mydatabase?serverTimezone=UTC
2025-03-03T08:29:46.543Z DEBUG 26732 --- [demo] [           main] com.zaxxer.hikari.HikariConfig           : keepaliveTime...................0
2025-03-03T08:29:46.543Z DEBUG 26732 --- [demo] [           main] com.zaxxer.hikari.HikariConfig           : leakDetectionThreshold..........0
2025-03-03T08:29:46.544Z DEBUG 26732 --- [demo] [           main] com.zaxxer.hikari.HikariConfig           : maxLifetime.....................1800000
2025-03-03T08:29:46.544Z DEBUG 26732 --- [demo] [           main] com.zaxxer.hikari.HikariConfig           : maximumPoolSize.................1
2025-03-03T08:29:46.544Z DEBUG 26732 --- [demo] [           main] com.zaxxer.hikari.HikariConfig           : metricRegistry..................none
2025-03-03T08:29:46.544Z DEBUG 26732 --- [demo] [           main] com.zaxxer.hikari.HikariConfig           : metricsTrackerFactory...........none
2025-03-03T08:29:46.546Z DEBUG 26732 --- [demo] [           main] com.zaxxer.hikari.HikariConfig           : minimumIdle.....................1
2025-03-03T08:29:46.546Z DEBUG 26732 --- [demo] [           main] com.zaxxer.hikari.HikariConfig           : password........................<masked>
2025-03-03T08:29:46.548Z DEBUG 26732 --- [demo] [           main] com.zaxxer.hikari.HikariConfig           : poolName........................"HikariPool-2"
2025-03-03T08:29:46.549Z DEBUG 26732 --- [demo] [           main] com.zaxxer.hikari.HikariConfig           : readOnly........................false
2025-03-03T08:29:46.550Z DEBUG 26732 --- [demo] [           main] com.zaxxer.hikari.HikariConfig           : registerMbeans..................false
2025-03-03T08:29:46.550Z DEBUG 26732 --- [demo] [           main] com.zaxxer.hikari.HikariConfig           : scheduledExecutor...............none
2025-03-03T08:29:46.551Z DEBUG 26732 --- [demo] [           main] com.zaxxer.hikari.HikariConfig           : schema..........................none
2025-03-03T08:29:46.552Z DEBUG 26732 --- [demo] [           main] com.zaxxer.hikari.HikariConfig           : threadFactory...................internal
2025-03-03T08:29:46.553Z DEBUG 26732 --- [demo] [           main] com.zaxxer.hikari.HikariConfig           : transactionIsolation............default
2025-03-03T08:29:46.554Z DEBUG 26732 --- [demo] [           main] com.zaxxer.hikari.HikariConfig           : username........................"root"
2025-03-03T08:29:46.555Z DEBUG 26732 --- [demo] [           main] com.zaxxer.hikari.HikariConfig           : validationTimeout...............5000
2025-03-03T08:29:46.556Z  INFO 26732 --- [demo] [           main] com.zaxxer.hikari.HikariDataSource       : HikariPool-2 - Starting...
2025-03-03T08:29:46.716Z  INFO 26732 --- [demo] [           main] com.zaxxer.hikari.pool.HikariPool        : HikariPool-2 - Added connection com.mysql.cj.jdbc.ConnectionImpl@7eb774c3
2025-03-03T08:29:46.717Z  INFO 26732 --- [demo] [           main] com.zaxxer.hikari.HikariDataSource       : HikariPool-2 - Start completed.
2025-03-03T08:29:46.823Z DEBUG 26732 --- [demo] [l-2 housekeeper] com.zaxxer.hikari.pool.HikariPool        : HikariPool-2 - Pool stats (total=1, active=0, idle=1, waiting=0)
2025-03-03T08:29:46.823Z DEBUG 26732 --- [demo] [l-2 housekeeper] com.zaxxer.hikari.pool.HikariPool        : HikariPool-2 - Fill pool skipped, pool has sufficient level or currently being filled.
2025-03-03T08:29:48.484Z TRACE 26732 --- [demo] [           main] o.s.t.i.TransactionInterceptor           : Getting transaction for [com.example.repository.AuthorRepository.getFirstNames]
2025-03-03T08:29:49.150Z  INFO 26732 --- [demo] [           main] org.jooq.Constants                       : 
                                      
@@@@@@@@@@@@@@@@@@@@@@@@@@@@@@@@@@@@@@
@@@@@@@@@@@@@@@@@@@@@@@@@@@@@@@@@@@@@@
@@@@@@@@@@@@@@@@  @@        @@@@@@@@@@
@@@@@@@@@@@@@@@@@@@@        @@@@@@@@@@
@@@@@@@@@@@@@@@@  @@  @@    @@@@@@@@@@
@@@@@@@@@@  @@@@  @@  @@    @@@@@@@@@@
@@@@@@@@@@        @@        @@@@@@@@@@
@@@@@@@@@@@@@@@@@@@@@@@@@@@@@@@@@@@@@@
@@@@@@@@@@@@@@@@@@@@@@@@@@@@@@@@@@@@@@
@@@@@@@@@@        @@        @@@@@@@@@@
@@@@@@@@@@    @@  @@  @@@@  @@@@@@@@@@
@@@@@@@@@@    @@  @@  @@@@  @@@@@@@@@@
@@@@@@@@@@        @@  @  @  @@@@@@@@@@
@@@@@@@@@@        @@        @@@@@@@@@@
@@@@@@@@@@@@@@@@@@@@@@@  @@@@@@@@@@@@@
@@@@@@@@@@@@@@@@@@@@@@@@@@@@@@@@@@@@@@
@@@@@@@@@@@@@@@@@@@@@@@@@@@@@@@@@@@@@@  Thank you for using jOOQ 3.19.14 (Build date: 2024-10-21T06:13:07Z)
                                      
2025-03-03T08:29:49.161Z  INFO 26732 --- [demo] [           main] org.jooq.Constants                       : 

jOOQ tip of the day: You don't have to use jOOQ's DSL. You can use all of jOOQ's API with native SQL as well: https://blog.jooq.org/using-java-13-text-blocks-for-plain-sql-with-jooq/

2025-03-03T08:29:49.296Z  INFO 26732 --- [demo] [           main] o.j.i.D.logVersionSupport                : Version                  : Database version is supported by dialect MYSQL: 9.1.0
2025-03-03T08:29:49.503Z TRACE 26732 --- [demo] [           main] o.s.t.i.TransactionInterceptor           : Completing transaction for [com.example.repository.AuthorRepository.getFirstNames]
2025-03-03T08:29:49.511Z TRACE 26732 --- [demo] [           main] o.s.t.i.TransactionInterceptor           : Getting transaction for [com.example.repository.AuthorRepository.insert]
2025-03-03T08:29:49.638Z  INFO 26732 --- [demo] [           main] c.example.repository.AuthorRepository    : Inserted author via create.newRecord and mapping into Author POJO, result is: +----+----------+---------+
|  id|first_name|last_name|
+----+----------+---------+
|   1|Sam       |{null}   |
+----+----------+---------+

2025-03-03T08:29:49.639Z TRACE 26732 --- [demo] [           main] o.s.t.i.TransactionInterceptor           : Completing transaction for [com.example.repository.AuthorRepository.insert]
2025-03-03T08:29:49.639Z TRACE 26732 --- [demo] [           main] o.s.t.i.TransactionInterceptor           : Getting transaction for [com.example.repository.AuthorRepository.getFirstNames]
2025-03-03T08:29:49.655Z TRACE 26732 --- [demo] [           main] o.s.t.i.TransactionInterceptor           : Completing transaction for [com.example.repository.AuthorRepository.getFirstNames]
]]></system-out>
  </testcase>
</testsuite>