<?xml version="1.0" encoding="UTF-8"?>
<testsuite xmlns:xsi="http://www.w3.org/2001/XMLSchema-instance" xsi:noNamespaceSchemaLocation="https://maven.apache.org/surefire/maven-surefire-plugin/xsd/surefire-test-report.xsd" version="3.0.2" name="com.example.ApplicationTest" time="10.227" tests="1" errors="0" skipped="0" failures="0">
  <properties>
[...]
</properties>
  <testcase name="testApplicationContext" classname="com.example.ApplicationTest" time="1.912">
    <system-out><![CDATA[08:29:33.440 [main] INFO org.springframework.test.context.support.AnnotationConfigContextLoaderUtils -- Could not detect default configuration classes for test class [com.example.ApplicationTest]: ApplicationTest does not declare any static, non-private, non-final, nested classes annotated with @Configuration.
08:29:33.809 [main] INFO org.springframework.boot.test.context.SpringBootTestContextBootstrapper -- Found @SpringBootConfiguration com.example.DemoApplication for test class com.example.ApplicationTest
08:29:34.275 [main] INFO org.springframework.boot.devtools.restart.RestartApplicationListener -- Restart disabled due to context in which it is running

  .   ____          _            __ _ _
 /\\ / ___'_ __ _ _(_)_ __  __ _ \ \ \ \
( ( )\___ | '_ | '_| | '_ \/ _` | \ \ \ \
 \\/  ___)| |_)| | | | | || (_| |  ) ) ) )
  '  |____| .__|_| |_|_| |_\__, | / / / /
 =========|_|==============|___/=/_/_/_/

 :: Spring Boot ::                (v3.4.2)

2025-03-03T08:29:34.957Z  INFO 26732 --- [demo] [           main] com.example.ApplicationTest              : Starting ApplicationTest using Java 17.0.12 with PID 26732 (started by SamSnowball in C:\Users\SamSnowball\Desktop\Projects\JavaPlayground\Bookstore\demo)
2025-03-03T08:29:34.960Z  INFO 26732 --- [demo] [           main] com.example.ApplicationTest              : No active profile set, falling back to 1 default profile: "default"
2025-03-03T08:29:37.947Z DEBUG 26732 --- [demo] [           main] com.zaxxer.hikari.HikariConfig           : Driver class com.mysql.cj.jdbc.Driver found in Thread context class loader jdk.internal.loader.ClassLoaders$AppClassLoader@c387f44
2025-03-03T08:29:37.965Z DEBUG 26732 --- [demo] [           main] com.zaxxer.hikari.HikariConfig           : HikariPool-1 - configuration:
2025-03-03T08:29:37.976Z DEBUG 26732 --- [demo] [           main] com.zaxxer.hikari.HikariConfig           : allowPoolSuspension.............false
2025-03-03T08:29:37.976Z DEBUG 26732 --- [demo] [           main] com.zaxxer.hikari.HikariConfig           : autoCommit......................true
2025-03-03T08:29:37.977Z DEBUG 26732 --- [demo] [           main] com.zaxxer.hikari.HikariConfig           : catalog.........................none
2025-03-03T08:29:37.977Z DEBUG 26732 --- [demo] [           main] com.zaxxer.hikari.HikariConfig           : connectionInitSql...............none
2025-03-03T08:29:37.977Z DEBUG 26732 --- [demo] [           main] com.zaxxer.hikari.HikariConfig           : connectionTestQuery.............none
2025-03-03T08:29:37.979Z DEBUG 26732 --- [demo] [           main] com.zaxxer.hikari.HikariConfig           : connectionTimeout...............30000
2025-03-03T08:29:37.979Z DEBUG 26732 --- [demo] [           main] com.zaxxer.hikari.HikariConfig           : dataSource......................none
2025-03-03T08:29:37.979Z DEBUG 26732 --- [demo] [           main] com.zaxxer.hikari.HikariConfig           : dataSourceClassName.............none
2025-03-03T08:29:37.979Z DEBUG 26732 --- [demo] [           main] com.zaxxer.hikari.HikariConfig           : dataSourceJNDI..................none
2025-03-03T08:29:37.979Z DEBUG 26732 --- [demo] [           main] com.zaxxer.hikari.HikariConfig           : dataSourceProperties............{password=<masked>}
2025-03-03T08:29:37.980Z DEBUG 26732 --- [demo] [           main] com.zaxxer.hikari.HikariConfig           : driverClassName................."com.mysql.cj.jdbc.Driver"
2025-03-03T08:29:37.980Z DEBUG 26732 --- [demo] [           main] com.zaxxer.hikari.HikariConfig           : exceptionOverrideClassName......none
2025-03-03T08:29:37.981Z DEBUG 26732 --- [demo] [           main] com.zaxxer.hikari.HikariConfig           : healthCheckProperties...........{}
2025-03-03T08:29:37.981Z DEBUG 26732 --- [demo] [           main] com.zaxxer.hikari.HikariConfig           : healthCheckRegistry.............none
2025-03-03T08:29:37.981Z DEBUG 26732 --- [demo] [           main] com.zaxxer.hikari.HikariConfig           : idleTimeout.....................600000
2025-03-03T08:29:37.981Z DEBUG 26732 --- [demo] [           main] com.zaxxer.hikari.HikariConfig           : initializationFailTimeout.......1
2025-03-03T08:29:37.982Z DEBUG 26732 --- [demo] [           main] com.zaxxer.hikari.HikariConfig           : isolateInternalQueries..........false
2025-03-03T08:29:37.983Z DEBUG 26732 --- [demo] [           main] com.zaxxer.hikari.HikariConfig           : jdbcUrl.........................jdbc:mysql://localhost:3306/mydatabase?serverTimezone=UTC
2025-03-03T08:29:37.983Z DEBUG 26732 --- [demo] [           main] com.zaxxer.hikari.HikariConfig           : keepaliveTime...................0
2025-03-03T08:29:37.983Z DEBUG 26732 --- [demo] [           main] com.zaxxer.hikari.HikariConfig           : leakDetectionThreshold..........0
2025-03-03T08:29:37.983Z DEBUG 26732 --- [demo] [           main] com.zaxxer.hikari.HikariConfig           : maxLifetime.....................1800000
2025-03-03T08:29:37.984Z DEBUG 26732 --- [demo] [           main] com.zaxxer.hikari.HikariConfig           : maximumPoolSize.................1
2025-03-03T08:29:37.984Z DEBUG 26732 --- [demo] [           main] com.zaxxer.hikari.HikariConfig           : metricRegistry..................none
2025-03-03T08:29:37.984Z DEBUG 26732 --- [demo] [           main] com.zaxxer.hikari.HikariConfig           : metricsTrackerFactory...........none
2025-03-03T08:29:37.984Z DEBUG 26732 --- [demo] [           main] com.zaxxer.hikari.HikariConfig           : minimumIdle.....................1
2025-03-03T08:29:37.984Z DEBUG 26732 --- [demo] [           main] com.zaxxer.hikari.HikariConfig           : password........................<masked>
2025-03-03T08:29:37.984Z DEBUG 26732 --- [demo] [           main] com.zaxxer.hikari.HikariConfig           : poolName........................"HikariPool-1"
2025-03-03T08:29:37.986Z DEBUG 26732 --- [demo] [           main] com.zaxxer.hikari.HikariConfig           : readOnly........................false
2025-03-03T08:29:37.987Z DEBUG 26732 --- [demo] [           main] com.zaxxer.hikari.HikariConfig           : registerMbeans..................false
2025-03-03T08:29:37.987Z DEBUG 26732 --- [demo] [           main] com.zaxxer.hikari.HikariConfig           : scheduledExecutor...............none
2025-03-03T08:29:37.987Z DEBUG 26732 --- [demo] [           main] com.zaxxer.hikari.HikariConfig           : schema..........................none
2025-03-03T08:29:37.988Z DEBUG 26732 --- [demo] [           main] com.zaxxer.hikari.HikariConfig           : threadFactory...................internal
2025-03-03T08:29:37.988Z DEBUG 26732 --- [demo] [           main] com.zaxxer.hikari.HikariConfig           : transactionIsolation............default
2025-03-03T08:29:37.988Z DEBUG 26732 --- [demo] [           main] com.zaxxer.hikari.HikariConfig           : username........................"root"
2025-03-03T08:29:37.989Z DEBUG 26732 --- [demo] [           main] com.zaxxer.hikari.HikariConfig           : validationTimeout...............5000
2025-03-03T08:29:37.993Z  INFO 26732 --- [demo] [           main] com.zaxxer.hikari.HikariDataSource       : HikariPool-1 - Starting...
2025-03-03T08:29:39.075Z  INFO 26732 --- [demo] [           main] com.zaxxer.hikari.pool.HikariPool        : HikariPool-1 - Added connection com.mysql.cj.jdbc.ConnectionImpl@6ddd1c51
2025-03-03T08:29:39.082Z  INFO 26732 --- [demo] [           main] com.zaxxer.hikari.HikariDataSource       : HikariPool-1 - Start completed.
2025-03-03T08:29:39.193Z DEBUG 26732 --- [demo] [l-1 housekeeper] com.zaxxer.hikari.pool.HikariPool        : HikariPool-1 - Pool stats (total=1, active=0, idle=1, waiting=0)
2025-03-03T08:29:39.194Z DEBUG 26732 --- [demo] [l-1 housekeeper] com.zaxxer.hikari.pool.HikariPool        : HikariPool-1 - Fill pool skipped, pool has sufficient level or currently being filled.
2025-03-03T08:29:41.194Z  INFO 26732 --- [demo] [           main] com.example.ApplicationTest              : Started ApplicationTest in 6.949 seconds (process running for 10.027)
]]></system-out>
  </testcase>
</testsuite>