<?xml version="1.0" encoding="UTF-8"?>
<testsuite xmlns:xsi="http://www.w3.org/2001/XMLSchema-instance" xsi:noNamespaceSchemaLocation="https://maven.apache.org/surefire/maven-surefire-plugin/xsd/surefire-test-report.xsd" version="3.0.2" name="com.example.NearlyFullServerTest" time="2.071" tests="1" errors="0" skipped="0" failures="1">
  <properties>
[...]
</properties>
  <testcase name="greetingShouldReturnDefaultMessage" classname="com.example.NearlyFullServerTest" time="0.031">
    <failure message="Response content&#10;Expected: a string containing &quot;Hello world!&quot;&#10;     but: was &quot;&quot;" type="java.lang.AssertionError"><![CDATA[java.lang.AssertionError: 
Response content
Expected: a string containing "Hello world!"
     but: was ""
	at org.hamcrest.MatcherAssert.assertThat(MatcherAssert.java:20)
	at org.springframework.test.web.servlet.result.ContentResultMatchers.lambda$string$3(ContentResultMatchers.java:141)
	at org.springframework.test.web.servlet.MockMvc$1.andExpect(MockMvc.java:214)
	at com.example.NearlyFullServerTest.greetingShouldReturnDefaultMessage(NearlyFullServerTest.java:22)
	at java.base/java.lang.reflect.Method.invoke(Method.java:569)
	at java.base/java.util.ArrayList.forEach(ArrayList.java:1511)
	at java.base/java.util.ArrayList.forEach(ArrayList.java:1511)
]]></failure>
    <system-out><![CDATA[2025-03-03T08:29:54.732Z  INFO 26732 --- [demo] [           main] t.c.s.AnnotationConfigContextLoaderUtils : Could not detect default configuration classes for test class [com.example.NearlyFullServerTest]: NearlyFullServerTest does not declare any static, non-private, non-final, nested classes annotated with @Configuration.
2025-03-03T08:29:54.742Z  INFO 26732 --- [demo] [           main] .b.t.c.SpringBootTestContextBootstrapper : Found @SpringBootConfiguration com.example.DemoApplication for test class com.example.NearlyFullServerTest
2025-03-03T08:29:54.751Z  INFO 26732 --- [demo] [           main] o.s.b.d.r.RestartApplicationListener     : Restart disabled due to context in which it is running

  .   ____          _            __ _ _
 /\\ / ___'_ __ _ _(_)_ __  __ _ \ \ \ \
( ( )\___ | '_ | '_| | '_ \/ _` | \ \ \ \
 \\/  ___)| |_)| | | | | || (_| |  ) ) ) )
  '  |____| .__|_| |_|_| |_\__, | / / / /
 =========|_|==============|___/=/_/_/_/

 :: Spring Boot ::                (v3.4.2)

2025-03-03T08:29:54.839Z  INFO 26732 --- [demo] [           main] com.example.NearlyFullServerTest         : Starting NearlyFullServerTest using Java 17.0.12 with PID 26732 (started by SamSnowball in C:\Users\SamSnowball\Desktop\Projects\JavaPlayground\Bookstore\demo)
2025-03-03T08:29:54.840Z  INFO 26732 --- [demo] [           main] com.example.NearlyFullServerTest         : No active profile set, falling back to 1 default profile: "default"
2025-03-03T08:29:55.467Z DEBUG 26732 --- [demo] [           main] com.zaxxer.hikari.HikariConfig           : Driver class com.mysql.cj.jdbc.Driver found in Thread context class loader jdk.internal.loader.ClassLoaders$AppClassLoader@c387f44
2025-03-03T08:29:55.467Z DEBUG 26732 --- [demo] [           main] com.zaxxer.hikari.HikariConfig           : HikariPool-4 - configuration:
2025-03-03T08:29:55.469Z DEBUG 26732 --- [demo] [           main] com.zaxxer.hikari.HikariConfig           : allowPoolSuspension.............false
2025-03-03T08:29:55.470Z DEBUG 26732 --- [demo] [           main] com.zaxxer.hikari.HikariConfig           : autoCommit......................true
2025-03-03T08:29:55.470Z DEBUG 26732 --- [demo] [           main] com.zaxxer.hikari.HikariConfig           : catalog.........................none
2025-03-03T08:29:55.471Z DEBUG 26732 --- [demo] [           main] com.zaxxer.hikari.HikariConfig           : connectionInitSql...............none
2025-03-03T08:29:55.471Z DEBUG 26732 --- [demo] [           main] com.zaxxer.hikari.HikariConfig           : connectionTestQuery.............none
2025-03-03T08:29:55.471Z DEBUG 26732 --- [demo] [           main] com.zaxxer.hikari.HikariConfig           : connectionTimeout...............30000
2025-03-03T08:29:55.471Z DEBUG 26732 --- [demo] [           main] com.zaxxer.hikari.HikariConfig           : dataSource......................none
2025-03-03T08:29:55.472Z DEBUG 26732 --- [demo] [           main] com.zaxxer.hikari.HikariConfig           : dataSourceClassName.............none
2025-03-03T08:29:55.472Z DEBUG 26732 --- [demo] [           main] com.zaxxer.hikari.HikariConfig           : dataSourceJNDI..................none
2025-03-03T08:29:55.472Z DEBUG 26732 --- [demo] [           main] com.zaxxer.hikari.HikariConfig           : dataSourceProperties............{password=<masked>}
2025-03-03T08:29:55.473Z DEBUG 26732 --- [demo] [           main] com.zaxxer.hikari.HikariConfig           : driverClassName................."com.mysql.cj.jdbc.Driver"
2025-03-03T08:29:55.474Z DEBUG 26732 --- [demo] [           main] com.zaxxer.hikari.HikariConfig           : exceptionOverrideClassName......none
2025-03-03T08:29:55.474Z DEBUG 26732 --- [demo] [           main] com.zaxxer.hikari.HikariConfig           : healthCheckProperties...........{}
2025-03-03T08:29:55.474Z DEBUG 26732 --- [demo] [           main] com.zaxxer.hikari.HikariConfig           : healthCheckRegistry.............none
2025-03-03T08:29:55.474Z DEBUG 26732 --- [demo] [           main] com.zaxxer.hikari.HikariConfig           : idleTimeout.....................600000
2025-03-03T08:29:55.475Z DEBUG 26732 --- [demo] [           main] com.zaxxer.hikari.HikariConfig           : initializationFailTimeout.......1
2025-03-03T08:29:55.475Z DEBUG 26732 --- [demo] [           main] com.zaxxer.hikari.HikariConfig           : isolateInternalQueries..........false
2025-03-03T08:29:55.476Z DEBUG 26732 --- [demo] [           main] com.zaxxer.hikari.HikariConfig           : jdbcUrl.........................jdbc:mysql://localhost:3306/mydatabase?serverTimezone=UTC
2025-03-03T08:29:55.476Z DEBUG 26732 --- [demo] [           main] com.zaxxer.hikari.HikariConfig           : keepaliveTime...................0
2025-03-03T08:29:55.476Z DEBUG 26732 --- [demo] [           main] com.zaxxer.hikari.HikariConfig           : leakDetectionThreshold..........0
2025-03-03T08:29:55.476Z DEBUG 26732 --- [demo] [           main] com.zaxxer.hikari.HikariConfig           : maxLifetime.....................1800000
2025-03-03T08:29:55.476Z DEBUG 26732 --- [demo] [           main] com.zaxxer.hikari.HikariConfig           : maximumPoolSize.................1
2025-03-03T08:29:55.478Z DEBUG 26732 --- [demo] [           main] com.zaxxer.hikari.HikariConfig           : metricRegistry..................none
2025-03-03T08:29:55.478Z DEBUG 26732 --- [demo] [           main] com.zaxxer.hikari.HikariConfig           : metricsTrackerFactory...........none
2025-03-03T08:29:55.478Z DEBUG 26732 --- [demo] [           main] com.zaxxer.hikari.HikariConfig           : minimumIdle.....................1
2025-03-03T08:29:55.478Z DEBUG 26732 --- [demo] [           main] com.zaxxer.hikari.HikariConfig           : password........................<masked>
2025-03-03T08:29:55.479Z DEBUG 26732 --- [demo] [           main] com.zaxxer.hikari.HikariConfig           : poolName........................"HikariPool-4"
2025-03-03T08:29:55.479Z DEBUG 26732 --- [demo] [           main] com.zaxxer.hikari.HikariConfig           : readOnly........................false
2025-03-03T08:29:55.479Z DEBUG 26732 --- [demo] [           main] com.zaxxer.hikari.HikariConfig           : registerMbeans..................false
2025-03-03T08:29:55.480Z DEBUG 26732 --- [demo] [           main] com.zaxxer.hikari.HikariConfig           : scheduledExecutor...............none
2025-03-03T08:29:55.480Z DEBUG 26732 --- [demo] [           main] com.zaxxer.hikari.HikariConfig           : schema..........................none
2025-03-03T08:29:55.480Z DEBUG 26732 --- [demo] [           main] com.zaxxer.hikari.HikariConfig           : threadFactory...................internal
2025-03-03T08:29:55.480Z DEBUG 26732 --- [demo] [           main] com.zaxxer.hikari.HikariConfig           : transactionIsolation............default
2025-03-03T08:29:55.481Z DEBUG 26732 --- [demo] [           main] com.zaxxer.hikari.HikariConfig           : username........................"root"
2025-03-03T08:29:55.481Z DEBUG 26732 --- [demo] [           main] com.zaxxer.hikari.HikariConfig           : validationTimeout...............5000
2025-03-03T08:29:55.482Z  INFO 26732 --- [demo] [           main] com.zaxxer.hikari.HikariDataSource       : HikariPool-4 - Starting...
2025-03-03T08:29:55.584Z  INFO 26732 --- [demo] [           main] com.zaxxer.hikari.pool.HikariPool        : HikariPool-4 - Added connection com.mysql.cj.jdbc.ConnectionImpl@40a2fdd2
2025-03-03T08:29:55.585Z  INFO 26732 --- [demo] [           main] com.zaxxer.hikari.HikariDataSource       : HikariPool-4 - Start completed.
2025-03-03T08:29:55.688Z DEBUG 26732 --- [demo] [l-4 housekeeper] com.zaxxer.hikari.pool.HikariPool        : HikariPool-4 - Pool stats (total=1, active=0, idle=1, waiting=0)
2025-03-03T08:29:55.689Z DEBUG 26732 --- [demo] [l-4 housekeeper] com.zaxxer.hikari.pool.HikariPool        : HikariPool-4 - Fill pool skipped, pool has sufficient level or currently being filled.
2025-03-03T08:29:56.612Z  INFO 26732 --- [demo] [           main] o.s.b.t.m.w.SpringBootMockServletContext : Initializing Spring TestDispatcherServlet ''
2025-03-03T08:29:56.613Z  INFO 26732 --- [demo] [           main] o.s.t.web.servlet.TestDispatcherServlet  : Initializing Servlet ''
2025-03-03T08:29:56.614Z  INFO 26732 --- [demo] [           main] o.s.t.web.servlet.TestDispatcherServlet  : Completed initialization in 1 ms
2025-03-03T08:29:56.756Z  INFO 26732 --- [demo] [           main] com.example.NearlyFullServerTest         : Started NearlyFullServerTest in 2.006 seconds (process running for 25.59)

MockHttpServletRequest:
      HTTP Method = GET
      Request URI = /helloworld
       Parameters = {}
          Headers = []
             Body = null
    Session Attrs = {}

Handler:
             Type = org.springframework.web.servlet.resource.ResourceHttpRequestHandler

Async:
    Async started = false
     Async result = null

Resolved Exception:
             Type = org.springframework.web.servlet.resource.NoResourceFoundException

ModelAndView:
        View name = null
             View = null
            Model = null

FlashMap:
       Attributes = null

MockHttpServletResponse:
           Status = 404
    Error message = No static resource helloworld.
          Headers = [Vary:"Origin", "Access-Control-Request-Method", "Access-Control-Request-Headers"]
     Content type = null
             Body = 
    Forwarded URL = null
   Redirected URL = null
          Cookies = []
]]></system-out>
  </testcase>
</testsuite>